[debug] [2024-05-17T18:22:19.638Z] ----------------------------------------------------------------------
[debug] [2024-05-17T18:22:19.639Z] Command:       /Users/zoeychen/.nvm/versions/node/v20.13.1/bin/node /Users/zoeychen/.nvm/versions/node/v20.13.1/bin/firebase emulators:start
[debug] [2024-05-17T18:22:19.639Z] CLI Version:   13.9.0
[debug] [2024-05-17T18:22:19.639Z] Platform:      darwin
[debug] [2024-05-17T18:22:19.640Z] Node Version:  v20.13.1
[debug] [2024-05-17T18:22:19.640Z] Time:          Fri May 17 2024 13:22:19 GMT-0500 (Central Daylight Time)
[debug] [2024-05-17T18:22:19.640Z] ----------------------------------------------------------------------
[debug] 
[debug] [2024-05-17T18:22:19.705Z] > command requires scopes: ["email","openid","https://www.googleapis.com/auth/cloudplatformprojects.readonly","https://www.googleapis.com/auth/firebase","https://www.googleapis.com/auth/cloud-platform"]
[debug] [2024-05-17T18:22:19.705Z] > authorizing via signed-in user (zoeychen2013@gmail.com)
[info] i  emulators: Starting emulators: functions {"metadata":{"emulator":{"name":"hub"},"message":"Starting emulators: functions"}}
[debug] [2024-05-17T18:22:19.876Z] [logging] Logging Emulator only supports listening on one address (127.0.0.1). Not listening on ::1
[debug] [2024-05-17T18:22:19.876Z] assigned listening specs for emulators {"user":{"hub":[{"address":"127.0.0.1","family":"IPv4","port":4400},{"address":"::1","family":"IPv6","port":4400}],"ui":[{"address":"127.0.0.1","family":"IPv4","port":4000},{"address":"::1","family":"IPv6","port":4000}],"logging":[{"address":"127.0.0.1","family":"IPv4","port":4500}]},"metadata":{"message":"assigned listening specs for emulators"}}
[debug] [2024-05-17T18:22:19.879Z] [hub] writing locator at /var/folders/55/c0bg5h2n3cd388jkp61fsw0h0000gn/T/hub-mall-mystery-heroes.json
[debug] [2024-05-17T18:22:19.981Z] [functions] Functions Emulator only supports listening on one address (127.0.0.1). Not listening on ::1
[debug] [2024-05-17T18:22:19.981Z] [eventarc] Eventarc Emulator only supports listening on one address (127.0.0.1). Not listening on ::1
[debug] [2024-05-17T18:22:19.981Z] late-assigned ports for functions and eventarc emulators {"user":{"hub":[{"address":"127.0.0.1","family":"IPv4","port":4400},{"address":"::1","family":"IPv6","port":4400}],"ui":[{"address":"127.0.0.1","family":"IPv4","port":4000},{"address":"::1","family":"IPv6","port":4000}],"logging":[{"address":"127.0.0.1","family":"IPv4","port":4500}],"functions":[{"address":"127.0.0.1","family":"IPv4","port":5001}],"eventarc":[{"address":"127.0.0.1","family":"IPv4","port":9299}]},"metadata":{"message":"late-assigned ports for functions and eventarc emulators"}}
[warn] ⚠  functions: The following emulators are not running, calls to these services from the Functions emulator will affect production: auth, firestore, database, hosting, pubsub, storage, dataconnect {"metadata":{"emulator":{"name":"functions"},"message":"The following emulators are not running, calls to these services from the Functions emulator will affect production: \u001b[1mauth, firestore, database, hosting, pubsub, storage, dataconnect\u001b[22m"}}
[debug] [2024-05-17T18:22:19.982Z] defaultcredentials: writing to file /Users/zoeychen/.config/firebase/zoeychen2013_gmail_com_application_default_credentials.json
[debug] [2024-05-17T18:22:19.984Z] Setting GAC to /Users/zoeychen/.config/firebase/zoeychen2013_gmail_com_application_default_credentials.json {"metadata":{"emulator":{"name":"functions"},"message":"Setting GAC to /Users/zoeychen/.config/firebase/zoeychen2013_gmail_com_application_default_credentials.json"}}
[debug] [2024-05-17T18:22:19.984Z] >>> [apiv2][query] GET https://firebase.googleapis.com/v1beta1/projects/mall-mystery-heroes/adminSdkConfig [none]
[debug] [2024-05-17T18:22:20.225Z] <<< [apiv2][status] GET https://firebase.googleapis.com/v1beta1/projects/mall-mystery-heroes/adminSdkConfig 200
[debug] [2024-05-17T18:22:20.225Z] <<< [apiv2][body] GET https://firebase.googleapis.com/v1beta1/projects/mall-mystery-heroes/adminSdkConfig {"projectId":"mall-mystery-heroes","storageBucket":"mall-mystery-heroes.appspot.com"}
[info] i  ui: downloading ui-v1.11.8.zip... {"metadata":{"emulator":{"name":"ui"},"message":"downloading ui-v1.11.8.zip..."}}
[debug] [2024-05-17T18:22:20.244Z] >>> [apiv2][query] GET https://storage.googleapis.com/firebase-preview-drop/emulator/ui-v1.11.8.zip 
[debug] [2024-05-17T18:22:20.484Z] <<< [apiv2][status] GET https://storage.googleapis.com/firebase-preview-drop/emulator/ui-v1.11.8.zip 200
[debug] [2024-05-17T18:22:20.484Z] <<< [apiv2][body] GET https://storage.googleapis.com/firebase-preview-drop/emulator/ui-v1.11.8.zip [stream]
[debug] [2024-05-17T18:22:20.881Z] Data is 3523907
[debug] [2024-05-17T18:22:20.882Z] [unzip] Entry: client/ (compressed_size=0 bytes, uncompressed_size=0 bytes)
[debug] [2024-05-17T18:22:20.882Z] [unzip] Processing entry: client/
[debug] [2024-05-17T18:22:20.882Z] [unzip] mkdir: /Users/zoeychen/.cache/firebase/emulators/ui-v1.11.8/client/
[debug] [2024-05-17T18:22:20.882Z] [unzip] Entry: client/favicon.ico (compressed_size=2497 bytes, uncompressed_size=7406 bytes)
[debug] [2024-05-17T18:22:20.882Z] [unzip] Processing entry: client/favicon.ico
[debug] [2024-05-17T18:22:20.882Z] [unzip] else mkdir: /Users/zoeychen/.cache/firebase/emulators/ui-v1.11.8/client
[debug] [2024-05-17T18:22:20.882Z] [unzip] deflating: /Users/zoeychen/.cache/firebase/emulators/ui-v1.11.8/client/favicon.ico
[debug] [2024-05-17T18:22:20.884Z] [unzip] Entry: client/apple-touch-icon.png (compressed_size=7231 bytes, uncompressed_size=7367 bytes)
[debug] [2024-05-17T18:22:20.885Z] [unzip] Processing entry: client/apple-touch-icon.png
[debug] [2024-05-17T18:22:20.885Z] [unzip] else mkdir: /Users/zoeychen/.cache/firebase/emulators/ui-v1.11.8/client
[debug] [2024-05-17T18:22:20.885Z] [unzip] deflating: /Users/zoeychen/.cache/firebase/emulators/ui-v1.11.8/client/apple-touch-icon.png
[debug] [2024-05-17T18:22:20.885Z] [unzip] Entry: client/android-chrome-512x512.png (compressed_size=16987 bytes, uncompressed_size=18186 bytes)
[debug] [2024-05-17T18:22:20.885Z] [unzip] Processing entry: client/android-chrome-512x512.png
[debug] [2024-05-17T18:22:20.885Z] [unzip] else mkdir: /Users/zoeychen/.cache/firebase/emulators/ui-v1.11.8/client
[debug] [2024-05-17T18:22:20.885Z] [unzip] deflating: /Users/zoeychen/.cache/firebase/emulators/ui-v1.11.8/client/android-chrome-512x512.png
[debug] [2024-05-17T18:22:20.886Z] [unzip] Entry: client/assets/ (compressed_size=0 bytes, uncompressed_size=0 bytes)
[debug] [2024-05-17T18:22:20.886Z] [unzip] Processing entry: client/assets/
[debug] [2024-05-17T18:22:20.886Z] [unzip] mkdir: /Users/zoeychen/.cache/firebase/emulators/ui-v1.11.8/client/assets/
[debug] [2024-05-17T18:22:20.886Z] [unzip] Entry: client/assets/extensions/ (compressed_size=0 bytes, uncompressed_size=0 bytes)
[debug] [2024-05-17T18:22:20.886Z] [unzip] Processing entry: client/assets/extensions/
[debug] [2024-05-17T18:22:20.886Z] [unzip] mkdir: /Users/zoeychen/.cache/firebase/emulators/ui-v1.11.8/client/assets/extensions/
[debug] [2024-05-17T18:22:20.886Z] [unzip] Entry: client/assets/extensions/default-extension.png (compressed_size=1646 bytes, uncompressed_size=1657 bytes)
[debug] [2024-05-17T18:22:20.887Z] [unzip] Processing entry: client/assets/extensions/default-extension.png
[debug] [2024-05-17T18:22:20.887Z] [unzip] else mkdir: /Users/zoeychen/.cache/firebase/emulators/ui-v1.11.8/client/assets/extensions
[debug] [2024-05-17T18:22:20.887Z] [unzip] deflating: /Users/zoeychen/.cache/firebase/emulators/ui-v1.11.8/client/assets/extensions/default-extension.png
[debug] [2024-05-17T18:22:20.887Z] [unzip] Entry: client/assets/index-Z4-ilXvq.js.map (compressed_size=2229704 bytes, uncompressed_size=9599487 bytes)
[debug] [2024-05-17T18:22:20.887Z] [unzip] Processing entry: client/assets/index-Z4-ilXvq.js.map
[debug] [2024-05-17T18:22:20.887Z] [unzip] else mkdir: /Users/zoeychen/.cache/firebase/emulators/ui-v1.11.8/client/assets
[debug] [2024-05-17T18:22:20.887Z] [unzip] deflating: /Users/zoeychen/.cache/firebase/emulators/ui-v1.11.8/client/assets/index-Z4-ilXvq.js.map
[debug] [2024-05-17T18:22:20.916Z] [unzip] Entry: client/assets/provider-icons/ (compressed_size=0 bytes, uncompressed_size=0 bytes)
[debug] [2024-05-17T18:22:20.916Z] [unzip] Processing entry: client/assets/provider-icons/
[debug] [2024-05-17T18:22:20.916Z] [unzip] mkdir: /Users/zoeychen/.cache/firebase/emulators/ui-v1.11.8/client/assets/provider-icons/
[debug] [2024-05-17T18:22:20.916Z] [unzip] Entry: client/assets/provider-icons/auth_service_oidc.svg (compressed_size=414 bytes, uncompressed_size=858 bytes)
[debug] [2024-05-17T18:22:20.916Z] [unzip] Processing entry: client/assets/provider-icons/auth_service_oidc.svg
[debug] [2024-05-17T18:22:20.916Z] [unzip] else mkdir: /Users/zoeychen/.cache/firebase/emulators/ui-v1.11.8/client/assets/provider-icons
[debug] [2024-05-17T18:22:20.916Z] [unzip] deflating: /Users/zoeychen/.cache/firebase/emulators/ui-v1.11.8/client/assets/provider-icons/auth_service_oidc.svg
[debug] [2024-05-17T18:22:20.917Z] [unzip] Entry: client/assets/provider-icons/auth_service_yahoo.svg (compressed_size=577 bytes, uncompressed_size=1182 bytes)
[debug] [2024-05-17T18:22:20.917Z] [unzip] Processing entry: client/assets/provider-icons/auth_service_yahoo.svg
[debug] [2024-05-17T18:22:20.917Z] [unzip] else mkdir: /Users/zoeychen/.cache/firebase/emulators/ui-v1.11.8/client/assets/provider-icons
[debug] [2024-05-17T18:22:20.917Z] [unzip] deflating: /Users/zoeychen/.cache/firebase/emulators/ui-v1.11.8/client/assets/provider-icons/auth_service_yahoo.svg
[debug] [2024-05-17T18:22:20.917Z] [unzip] Entry: client/assets/provider-icons/auth_service_phone.svg (compressed_size=261 bytes, uncompressed_size=414 bytes)
[debug] [2024-05-17T18:22:20.917Z] [unzip] Processing entry: client/assets/provider-icons/auth_service_phone.svg
[debug] [2024-05-17T18:22:20.917Z] [unzip] else mkdir: /Users/zoeychen/.cache/firebase/emulators/ui-v1.11.8/client/assets/provider-icons
[debug] [2024-05-17T18:22:20.917Z] [unzip] deflating: /Users/zoeychen/.cache/firebase/emulators/ui-v1.11.8/client/assets/provider-icons/auth_service_phone.svg
[debug] [2024-05-17T18:22:20.918Z] [unzip] Entry: client/assets/provider-icons/auth_service_saml.svg (compressed_size=575 bytes, uncompressed_size=1226 bytes)
[debug] [2024-05-17T18:22:20.918Z] [unzip] Processing entry: client/assets/provider-icons/auth_service_saml.svg
[debug] [2024-05-17T18:22:20.918Z] [unzip] else mkdir: /Users/zoeychen/.cache/firebase/emulators/ui-v1.11.8/client/assets/provider-icons
[debug] [2024-05-17T18:22:20.918Z] [unzip] deflating: /Users/zoeychen/.cache/firebase/emulators/ui-v1.11.8/client/assets/provider-icons/auth_service_saml.svg
[debug] [2024-05-17T18:22:20.918Z] [unzip] Entry: client/assets/provider-icons/auth_service_mslive.svg (compressed_size=203 bytes, uncompressed_size=378 bytes)
[debug] [2024-05-17T18:22:20.918Z] [unzip] Processing entry: client/assets/provider-icons/auth_service_mslive.svg
[debug] [2024-05-17T18:22:20.918Z] [unzip] else mkdir: /Users/zoeychen/.cache/firebase/emulators/ui-v1.11.8/client/assets/provider-icons
[debug] [2024-05-17T18:22:20.918Z] [unzip] deflating: /Users/zoeychen/.cache/firebase/emulators/ui-v1.11.8/client/assets/provider-icons/auth_service_mslive.svg
[debug] [2024-05-17T18:22:20.918Z] [unzip] Entry: client/assets/provider-icons/auth_service_facebook.svg (compressed_size=289 bytes, uncompressed_size=457 bytes)
[debug] [2024-05-17T18:22:20.918Z] [unzip] Processing entry: client/assets/provider-icons/auth_service_facebook.svg
[debug] [2024-05-17T18:22:20.919Z] [unzip] else mkdir: /Users/zoeychen/.cache/firebase/emulators/ui-v1.11.8/client/assets/provider-icons
[debug] [2024-05-17T18:22:20.919Z] [unzip] deflating: /Users/zoeychen/.cache/firebase/emulators/ui-v1.11.8/client/assets/provider-icons/auth_service_facebook.svg
[debug] [2024-05-17T18:22:20.919Z] [unzip] Entry: client/assets/provider-icons/auth_service_play_games.svg (compressed_size=565 bytes, uncompressed_size=1173 bytes)
[debug] [2024-05-17T18:22:20.919Z] [unzip] Processing entry: client/assets/provider-icons/auth_service_play_games.svg
[debug] [2024-05-17T18:22:20.919Z] [unzip] else mkdir: /Users/zoeychen/.cache/firebase/emulators/ui-v1.11.8/client/assets/provider-icons
[debug] [2024-05-17T18:22:20.919Z] [unzip] deflating: /Users/zoeychen/.cache/firebase/emulators/ui-v1.11.8/client/assets/provider-icons/auth_service_play_games.svg
[debug] [2024-05-17T18:22:20.919Z] [unzip] Entry: client/assets/provider-icons/auth_service_github.svg (compressed_size=466 bytes, uncompressed_size=838 bytes)
[debug] [2024-05-17T18:22:20.919Z] [unzip] Processing entry: client/assets/provider-icons/auth_service_github.svg
[debug] [2024-05-17T18:22:20.919Z] [unzip] else mkdir: /Users/zoeychen/.cache/firebase/emulators/ui-v1.11.8/client/assets/provider-icons
[debug] [2024-05-17T18:22:20.920Z] [unzip] deflating: /Users/zoeychen/.cache/firebase/emulators/ui-v1.11.8/client/assets/provider-icons/auth_service_github.svg
[debug] [2024-05-17T18:22:20.920Z] [unzip] Entry: client/assets/provider-icons/auth_service_apple.svg (compressed_size=230 bytes, uncompressed_size=334 bytes)
[debug] [2024-05-17T18:22:20.920Z] [unzip] Processing entry: client/assets/provider-icons/auth_service_apple.svg
[debug] [2024-05-17T18:22:20.920Z] [unzip] else mkdir: /Users/zoeychen/.cache/firebase/emulators/ui-v1.11.8/client/assets/provider-icons
[debug] [2024-05-17T18:22:20.920Z] [unzip] deflating: /Users/zoeychen/.cache/firebase/emulators/ui-v1.11.8/client/assets/provider-icons/auth_service_apple.svg
[debug] [2024-05-17T18:22:20.920Z] [unzip] Entry: client/assets/provider-icons/auth_service_google.svg (compressed_size=409 bytes, uncompressed_size=720 bytes)
[debug] [2024-05-17T18:22:20.920Z] [unzip] Processing entry: client/assets/provider-icons/auth_service_google.svg
[debug] [2024-05-17T18:22:20.920Z] [unzip] else mkdir: /Users/zoeychen/.cache/firebase/emulators/ui-v1.11.8/client/assets/provider-icons
[debug] [2024-05-17T18:22:20.920Z] [unzip] deflating: /Users/zoeychen/.cache/firebase/emulators/ui-v1.11.8/client/assets/provider-icons/auth_service_google.svg
[debug] [2024-05-17T18:22:20.920Z] [unzip] Entry: client/assets/provider-icons/auth_service_email.svg (compressed_size=228 bytes, uncompressed_size=326 bytes)
[debug] [2024-05-17T18:22:20.920Z] [unzip] Processing entry: client/assets/provider-icons/auth_service_email.svg
[debug] [2024-05-17T18:22:20.920Z] [unzip] else mkdir: /Users/zoeychen/.cache/firebase/emulators/ui-v1.11.8/client/assets/provider-icons
[debug] [2024-05-17T18:22:20.920Z] [unzip] deflating: /Users/zoeychen/.cache/firebase/emulators/ui-v1.11.8/client/assets/provider-icons/auth_service_email.svg
[debug] [2024-05-17T18:22:20.921Z] [unzip] Entry: client/assets/provider-icons/auth_service_twitter.svg (compressed_size=444 bytes, uncompressed_size=751 bytes)
[debug] [2024-05-17T18:22:20.921Z] [unzip] Processing entry: client/assets/provider-icons/auth_service_twitter.svg
[debug] [2024-05-17T18:22:20.921Z] [unzip] else mkdir: /Users/zoeychen/.cache/firebase/emulators/ui-v1.11.8/client/assets/provider-icons
[debug] [2024-05-17T18:22:20.921Z] [unzip] deflating: /Users/zoeychen/.cache/firebase/emulators/ui-v1.11.8/client/assets/provider-icons/auth_service_twitter.svg
[debug] [2024-05-17T18:22:20.921Z] [unzip] Entry: client/assets/provider-icons/auth_service_game_center.svg (compressed_size=991 bytes, uncompressed_size=3921 bytes)
[debug] [2024-05-17T18:22:20.921Z] [unzip] Processing entry: client/assets/provider-icons/auth_service_game_center.svg
[debug] [2024-05-17T18:22:20.921Z] [unzip] else mkdir: /Users/zoeychen/.cache/firebase/emulators/ui-v1.11.8/client/assets/provider-icons
[debug] [2024-05-17T18:22:20.921Z] [unzip] deflating: /Users/zoeychen/.cache/firebase/emulators/ui-v1.11.8/client/assets/provider-icons/auth_service_game_center.svg
[debug] [2024-05-17T18:22:20.921Z] [unzip] Entry: client/assets/img/ (compressed_size=0 bytes, uncompressed_size=0 bytes)
[debug] [2024-05-17T18:22:20.921Z] [unzip] Processing entry: client/assets/img/
[debug] [2024-05-17T18:22:20.921Z] [unzip] mkdir: /Users/zoeychen/.cache/firebase/emulators/ui-v1.11.8/client/assets/img/
[debug] [2024-05-17T18:22:20.921Z] [unzip] Entry: client/assets/img/database.png (compressed_size=29449 bytes, uncompressed_size=29988 bytes)
[debug] [2024-05-17T18:22:20.921Z] [unzip] Processing entry: client/assets/img/database.png
[debug] [2024-05-17T18:22:20.921Z] [unzip] else mkdir: /Users/zoeychen/.cache/firebase/emulators/ui-v1.11.8/client/assets/img
[debug] [2024-05-17T18:22:20.921Z] [unzip] deflating: /Users/zoeychen/.cache/firebase/emulators/ui-v1.11.8/client/assets/img/database.png
[debug] [2024-05-17T18:22:20.921Z] [unzip] Entry: client/assets/index-Cj5I7867.css (compressed_size=35786 bytes, uncompressed_size=297937 bytes)
[debug] [2024-05-17T18:22:20.921Z] [unzip] Processing entry: client/assets/index-Cj5I7867.css
[debug] [2024-05-17T18:22:20.921Z] [unzip] else mkdir: /Users/zoeychen/.cache/firebase/emulators/ui-v1.11.8/client/assets
[debug] [2024-05-17T18:22:20.921Z] [unzip] deflating: /Users/zoeychen/.cache/firebase/emulators/ui-v1.11.8/client/assets/index-Cj5I7867.css
[debug] [2024-05-17T18:22:20.922Z] [unzip] Entry: client/assets/index-Z4-ilXvq.js (compressed_size=563876 bytes, uncompressed_size=2021818 bytes)
[debug] [2024-05-17T18:22:20.922Z] [unzip] Processing entry: client/assets/index-Z4-ilXvq.js
[debug] [2024-05-17T18:22:20.922Z] [unzip] else mkdir: /Users/zoeychen/.cache/firebase/emulators/ui-v1.11.8/client/assets
[debug] [2024-05-17T18:22:20.922Z] [unzip] deflating: /Users/zoeychen/.cache/firebase/emulators/ui-v1.11.8/client/assets/index-Z4-ilXvq.js
[debug] [2024-05-17T18:22:20.927Z] [unzip] Entry: client/safari-pinned-tab.svg (compressed_size=838 bytes, uncompressed_size=1504 bytes)
[debug] [2024-05-17T18:22:20.928Z] [unzip] Processing entry: client/safari-pinned-tab.svg
[debug] [2024-05-17T18:22:20.928Z] [unzip] else mkdir: /Users/zoeychen/.cache/firebase/emulators/ui-v1.11.8/client
[debug] [2024-05-17T18:22:20.928Z] [unzip] deflating: /Users/zoeychen/.cache/firebase/emulators/ui-v1.11.8/client/safari-pinned-tab.svg
[debug] [2024-05-17T18:22:20.928Z] [unzip] Entry: client/mstile-150x150.png (compressed_size=5406 bytes, uncompressed_size=5723 bytes)
[debug] [2024-05-17T18:22:20.928Z] [unzip] Processing entry: client/mstile-150x150.png
[debug] [2024-05-17T18:22:20.928Z] [unzip] else mkdir: /Users/zoeychen/.cache/firebase/emulators/ui-v1.11.8/client
[debug] [2024-05-17T18:22:20.928Z] [unzip] deflating: /Users/zoeychen/.cache/firebase/emulators/ui-v1.11.8/client/mstile-150x150.png
[debug] [2024-05-17T18:22:20.928Z] [unzip] Entry: client/browserconfig.xml (compressed_size=491 bytes, uncompressed_size=822 bytes)
[debug] [2024-05-17T18:22:20.928Z] [unzip] Processing entry: client/browserconfig.xml
[debug] [2024-05-17T18:22:20.928Z] [unzip] else mkdir: /Users/zoeychen/.cache/firebase/emulators/ui-v1.11.8/client
[debug] [2024-05-17T18:22:20.928Z] [unzip] deflating: /Users/zoeychen/.cache/firebase/emulators/ui-v1.11.8/client/browserconfig.xml
[debug] [2024-05-17T18:22:20.928Z] [unzip] Entry: client/robots.txt (compressed_size=26 bytes, uncompressed_size=26 bytes)
[debug] [2024-05-17T18:22:20.928Z] [unzip] Processing entry: client/robots.txt
[debug] [2024-05-17T18:22:20.928Z] [unzip] else mkdir: /Users/zoeychen/.cache/firebase/emulators/ui-v1.11.8/client
[debug] [2024-05-17T18:22:20.928Z] [unzip] Writing file: /Users/zoeychen/.cache/firebase/emulators/ui-v1.11.8/client/robots.txt
[debug] [2024-05-17T18:22:20.929Z] [unzip] Entry: client/index.html (compressed_size=1365 bytes, uncompressed_size=3071 bytes)
[debug] [2024-05-17T18:22:20.929Z] [unzip] Processing entry: client/index.html
[debug] [2024-05-17T18:22:20.929Z] [unzip] else mkdir: /Users/zoeychen/.cache/firebase/emulators/ui-v1.11.8/client
[debug] [2024-05-17T18:22:20.929Z] [unzip] deflating: /Users/zoeychen/.cache/firebase/emulators/ui-v1.11.8/client/index.html
[debug] [2024-05-17T18:22:20.929Z] [unzip] Entry: client/favicon-16x16.png (compressed_size=757 bytes, uncompressed_size=777 bytes)
[debug] [2024-05-17T18:22:20.929Z] [unzip] Processing entry: client/favicon-16x16.png
[debug] [2024-05-17T18:22:20.929Z] [unzip] else mkdir: /Users/zoeychen/.cache/firebase/emulators/ui-v1.11.8/client
[debug] [2024-05-17T18:22:20.929Z] [unzip] deflating: /Users/zoeychen/.cache/firebase/emulators/ui-v1.11.8/client/favicon-16x16.png
[debug] [2024-05-17T18:22:20.929Z] [unzip] Entry: client/manifest.json (compressed_size=246 bytes, uncompressed_size=551 bytes)
[debug] [2024-05-17T18:22:20.929Z] [unzip] Processing entry: client/manifest.json
[debug] [2024-05-17T18:22:20.929Z] [unzip] else mkdir: /Users/zoeychen/.cache/firebase/emulators/ui-v1.11.8/client
[debug] [2024-05-17T18:22:20.929Z] [unzip] deflating: /Users/zoeychen/.cache/firebase/emulators/ui-v1.11.8/client/manifest.json
[debug] [2024-05-17T18:22:20.929Z] [unzip] Entry: client/favicon-32x32.png (compressed_size=1175 bytes, uncompressed_size=1175 bytes)
[debug] [2024-05-17T18:22:20.929Z] [unzip] Processing entry: client/favicon-32x32.png
[debug] [2024-05-17T18:22:20.929Z] [unzip] else mkdir: /Users/zoeychen/.cache/firebase/emulators/ui-v1.11.8/client
[debug] [2024-05-17T18:22:20.929Z] [unzip] Writing file: /Users/zoeychen/.cache/firebase/emulators/ui-v1.11.8/client/favicon-32x32.png
[debug] [2024-05-17T18:22:20.930Z] [unzip] Entry: client/android-chrome-192x192.png (compressed_size=7602 bytes, uncompressed_size=7834 bytes)
[debug] [2024-05-17T18:22:20.930Z] [unzip] Processing entry: client/android-chrome-192x192.png
[debug] [2024-05-17T18:22:20.930Z] [unzip] else mkdir: /Users/zoeychen/.cache/firebase/emulators/ui-v1.11.8/client
[debug] [2024-05-17T18:22:20.930Z] [unzip] deflating: /Users/zoeychen/.cache/firebase/emulators/ui-v1.11.8/client/android-chrome-192x192.png
[debug] [2024-05-17T18:22:20.930Z] [unzip] Entry: server/ (compressed_size=0 bytes, uncompressed_size=0 bytes)
[debug] [2024-05-17T18:22:20.930Z] [unzip] Processing entry: server/
[debug] [2024-05-17T18:22:20.930Z] [unzip] mkdir: /Users/zoeychen/.cache/firebase/emulators/ui-v1.11.8/server/
[debug] [2024-05-17T18:22:20.930Z] [unzip] Entry: server/server.mjs (compressed_size=311497 bytes, uncompressed_size=1147307 bytes)
[debug] [2024-05-17T18:22:20.930Z] [unzip] Processing entry: server/server.mjs
[debug] [2024-05-17T18:22:20.930Z] [unzip] else mkdir: /Users/zoeychen/.cache/firebase/emulators/ui-v1.11.8/server
[debug] [2024-05-17T18:22:20.930Z] [unzip] deflating: /Users/zoeychen/.cache/firebase/emulators/ui-v1.11.8/server/server.mjs
[debug] [2024-05-17T18:22:20.933Z] [unzip] Entry: server/assets/ (compressed_size=0 bytes, uncompressed_size=0 bytes)
[debug] [2024-05-17T18:22:20.933Z] [unzip] Processing entry: server/assets/
[debug] [2024-05-17T18:22:20.933Z] [unzip] mkdir: /Users/zoeychen/.cache/firebase/emulators/ui-v1.11.8/server/assets/
[debug] [2024-05-17T18:22:20.933Z] [unzip] Entry: server/assets/multipart-parser-n20ATYm_.mjs.map (compressed_size=4790 bytes, uncompressed_size=17920 bytes)
[debug] [2024-05-17T18:22:20.933Z] [unzip] Processing entry: server/assets/multipart-parser-n20ATYm_.mjs.map
[debug] [2024-05-17T18:22:20.933Z] [unzip] else mkdir: /Users/zoeychen/.cache/firebase/emulators/ui-v1.11.8/server/assets
[debug] [2024-05-17T18:22:20.933Z] [unzip] deflating: /Users/zoeychen/.cache/firebase/emulators/ui-v1.11.8/server/assets/multipart-parser-n20ATYm_.mjs.map
[debug] [2024-05-17T18:22:20.933Z] [unzip] Entry: server/assets/multipart-parser-n20ATYm_.mjs (compressed_size=2625 bytes, uncompressed_size=10428 bytes)
[debug] [2024-05-17T18:22:20.933Z] [unzip] Processing entry: server/assets/multipart-parser-n20ATYm_.mjs
[debug] [2024-05-17T18:22:20.933Z] [unzip] else mkdir: /Users/zoeychen/.cache/firebase/emulators/ui-v1.11.8/server/assets
[debug] [2024-05-17T18:22:20.933Z] [unzip] deflating: /Users/zoeychen/.cache/firebase/emulators/ui-v1.11.8/server/assets/multipart-parser-n20ATYm_.mjs
[debug] [2024-05-17T18:22:20.933Z] [unzip] Entry: server/server.mjs.map (compressed_size=286219 bytes, uncompressed_size=1310517 bytes)
[debug] [2024-05-17T18:22:20.933Z] [unzip] Processing entry: server/server.mjs.map
[debug] [2024-05-17T18:22:20.933Z] [unzip] else mkdir: /Users/zoeychen/.cache/firebase/emulators/ui-v1.11.8/server
[debug] [2024-05-17T18:22:20.933Z] [unzip] deflating: /Users/zoeychen/.cache/firebase/emulators/ui-v1.11.8/server/server.mjs.map
[debug] [2024-05-17T18:22:20.936Z] Ignoring unsupported arg: auto_download {"metadata":{"emulator":{"name":"ui"},"message":"Ignoring unsupported arg: auto_download"}}
[debug] [2024-05-17T18:22:20.936Z] Ignoring unsupported arg: port {"metadata":{"emulator":{"name":"ui"},"message":"Ignoring unsupported arg: port"}}
[debug] [2024-05-17T18:22:20.936Z] Starting Emulator UI with command {"binary":"node","args":["/Users/zoeychen/.cache/firebase/emulators/ui-v1.11.8/server/server.mjs"],"optionalArgs":[],"joinArgs":false,"shell":false} {"metadata":{"emulator":{"name":"ui"},"message":"Starting Emulator UI with command {\"binary\":\"node\",\"args\":[\"/Users/zoeychen/.cache/firebase/emulators/ui-v1.11.8/server/server.mjs\"],\"optionalArgs\":[],\"joinArgs\":false,\"shell\":false}"}}
[info] i  ui: Emulator UI logging to ui-debug.log {"metadata":{"emulator":{"name":"ui"},"message":"Emulator UI logging to \u001b[1mui-debug.log\u001b[22m"}}
[debug] [2024-05-17T18:22:21.002Z] Web / API server started at 127.0.0.1:4000
Web / API server started at ::1:4000
 {"metadata":{"emulator":{"name":"ui"},"message":"Web / API server started at 127.0.0.1:4000\nWeb / API server started at ::1:4000\n"}}
[info] i  functions: Watching "/Users/zoeychen/Desktop/mall-mystery-heroes/functions" for Cloud Functions... {"metadata":{"emulator":{"name":"functions"},"message":"Watching \"/Users/zoeychen/Desktop/mall-mystery-heroes/functions\" for Cloud Functions..."}}
[debug] [2024-05-17T18:22:21.144Z] Validating nodejs source
[debug] [2024-05-17T18:22:21.538Z] > [functions] package.json contents: {
  "name": "functions",
  "description": "Cloud Functions for Firebase",
  "scripts": {
    "serve": "firebase emulators:start --only functions",
    "shell": "firebase functions:shell",
    "start": "npm run shell",
    "deploy": "firebase deploy --only functions",
    "logs": "firebase functions:log"
  },
  "engines": {
    "node": "18"
  },
  "main": "index.js",
  "dependencies": {
    "cors": "^2.8.5",
    "express": "^4.19.2",
    "firebase-admin": "^12.1.0",
    "firebase-functions": "^5.0.0"
  },
  "devDependencies": {
    "firebase-functions-test": "^3.1.0"
  },
  "private": true
}
[debug] [2024-05-17T18:22:21.539Z] Building nodejs source
[debug] [2024-05-17T18:22:21.539Z] Failed to find version of module node: reached end of search path /Users/zoeychen/Desktop/mall-mystery-heroes/functions/node_modules
[warn] ⚠  functions: Your requested "node" version "18" doesn't match your global version "20". Using node@20 from host. 
[debug] [2024-05-17T18:22:21.540Z] Could not find functions.yaml. Must use http discovery
[debug] [2024-05-17T18:22:21.543Z] Found firebase-functions binary at '/Users/zoeychen/Desktop/mall-mystery-heroes/functions/node_modules/.bin/firebase-functions'
[info] Serving at port 8453

[debug] [2024-05-17T18:22:22.174Z] Got response from /__/functions.yaml {"endpoints":{},"specVersion":"v1alpha1","requiredAPIs":[]}
[info] ✔  functions: Loaded functions definitions from source: . {"metadata":{"emulator":{"name":"functions"},"message":"Loaded functions definitions from source: ."}}
[info] 
┌─────────────────────────────────────────────────────────────┐
│ ✔  All emulators ready! It is now safe to connect your app. │
│ i  View Emulator UI at http://127.0.0.1:4000/               │
└─────────────────────────────────────────────────────────────┘

┌───────────┬────────────────┬─────────────────────────────────┐
│ Emulator  │ Host:Port      │ View in Emulator UI             │
├───────────┼────────────────┼─────────────────────────────────┤
│ Functions │ 127.0.0.1:5001 │ http://127.0.0.1:4000/functions │
└───────────┴────────────────┴─────────────────────────────────┘
  Emulator Hub running at 127.0.0.1:4400
  Other reserved ports: 4500

Issues? Report them at https://github.com/firebase/firebase-tools/issues and attach the *-debug.log files.
 
